<?xml version="1.0" encoding="UTF-8"?>
<testng-results ignored="2" total="3" passed="1" failed="0" skipped="0">
  <reporter-output>
  </reporter-output>
  <suite started-at="2023-07-09T19:08:53 IST" name="Default suite" finished-at="2023-07-09T19:09:14 IST" duration-ms="21048">
    <groups>
    </groups>
    <test started-at="2023-07-09T19:08:53 IST" name="Default test" finished-at="2023-07-09T19:09:14 IST" duration-ms="21048">
      <class name="Base.BaseTest">
        <test-method is-config="true" signature="setup()[pri:0, instance:Base.BaseTest@313ac989]" started-at="2023-07-09T19:08:53 IST" name="setup" finished-at="2023-07-09T19:09:07 IST" duration-ms="14046" status="PASS">
          <reporter-output>
          </reporter-output>
        </test-method> <!-- setup -->
        <test-method is-config="true" signature="teardown()[pri:0, instance:Base.BaseTest@313ac989]" started-at="2023-07-09T19:09:13 IST" name="teardown" finished-at="2023-07-09T19:09:14 IST" duration-ms="340" status="PASS">
          <reporter-output>
          </reporter-output>
        </test-method> <!-- teardown -->
      </class> <!-- Base.BaseTest -->
      <class name="testcases.TC001">
        <test-method signature="loginTest()[pri:0, instance:testcases.TC001@77888435]" started-at="2023-07-09T19:09:07 IST" name="loginTest" finished-at="2023-07-09T19:09:13 IST" duration-ms="6583" status="PASS">
          <reporter-output>
          </reporter-output>
        </test-method> <!-- loginTest -->
      </class> <!-- testcases.TC001 -->
    </test> <!-- Default test -->
  </suite> <!-- Default suite -->
</testng-results>
