<?xml version="1.0" encoding="UTF-8"?>
<!-- Generated by org.testng.reporters.JUnitXMLReporter -->
<testsuite ignored="0" hostname="DESKTOP-CTAH85S" failures="0" tests="0" time="0.046" errors="0" timestamp="2023-06-26T13:33:09 IST">
  <testcase classname="Base.BaseTest" name="@BeforeTest setup" time="0.017">
    <failure type="java.io.FileNotFoundException" message="C:\Users\my pc\eclipse-workspace\Guru99Banking\src\test\resources\Configfiles\Locators.Properties (The system cannot find the file specified)">
      <![CDATA[java.io.FileNotFoundException: C:\Users\my pc\eclipse-workspace\Guru99Banking\src\test\resources\Configfiles\Locators.Properties (The system cannot find the file specified)
at java.base/java.io.FileInputStream.open0(Native Method)
at java.base/java.io.FileInputStream.open(FileInputStream.java:219)
at java.base/java.io.FileInputStream.<init>(FileInputStream.java:158)
at java.base/java.io.FileInputStream.<init>(FileInputStream.java:112)
at java.base/java.io.FileReader.<init>(FileReader.java:60)
at Base.BaseTest.setup(BaseTest.java:28)
... Removed 27 stack frames]]>
    </failure>
  </testcase> <!-- @BeforeTest setup -->
  <testcase classname="Base.BaseTest" name="@AfterTest teardown" time="0.0">
    <skipped/>
  </testcase> <!-- @AfterTest teardown -->
</testsuite>
