<?xml version="1.0" encoding="UTF-8"?>
<!-- Generated by org.testng.reporters.JUnitXMLReporter -->
<testsuite ignored="2" hostname="DESKTOP-CTAH85S" failures="0" tests="1" name="Default test" time="21.048" errors="0" timestamp="2023-07-09T19:09:14 IST">
  <testcase classname="testcases.TC001" name="loginTest" time="6.583"/>
  <testcase classname="Base.BaseTest" name="@BeforeTest setup" time="0.0">
    <ignored/>
  </testcase> <!-- @BeforeTest setup -->
  <testcase classname="Base.BaseTest" name="@AfterTest teardown" time="0.0">
    <ignored/>
  </testcase> <!-- @AfterTest teardown -->
</testsuite> <!-- Default test -->
